<?xml version="1.0" encoding="UTF-8"?>
<!-- Generated by org.testng.reporters.JUnitReportReporter -->
<testsuite hostname="KOCWX21981" failures="0" tests="1" name="TestNGEx.HomeLoan" time="0.001" errors="0" timestamp="2022-10-28T22:01:42 IST" skipped="0">
  <testcase classname="TestNGEx.HomeLoan" name="HomeLoanAPI" time="0.001"/>
  <system-out/>
</testsuite> <!-- TestNGEx.HomeLoan -->
