<?xml version="1.0" encoding="UTF-8"?>
<!-- Generated by org.testng.reporters.JUnitReportReporter -->
<testsuite hostname="KOCWX21981" failures="0" tests="3" name="TestNGEx.HomeLoan" time="0.007" errors="0" timestamp="2022-10-28T09:23:20 IST" skipped="0">
  <testcase classname="TestNGEx.HomeLoan" name="HomeLoanAPI" time="0.002"/>
  <system-out/>
  <testcase classname="TestNGEx.HomeLoan" name="HomeLoanMobile" time="0.002"/>
  <system-out/>
  <testcase classname="TestNGEx.HomeLoan" name="HomeLoanUI" time="0.003"/>
  <system-out/>
</testsuite> <!-- TestNGEx.HomeLoan -->
