<?xml version="1.0" encoding="UTF-8"?>
<!-- Generated by org.testng.reporters.JUnitReportReporter -->
<testsuite hostname="KOCWX21981" failures="0" tests="4" name="TestNGEx.DataProviderAnnotation" time="0.008" errors="0" timestamp="2022-10-31T22:17:32 IST" skipped="0">
  <testcase classname="TestNGEx.DataProviderAnnotation" name="test" time="0.003"/>
  <system-out/>
  <testcase classname="TestNGEx.DataProviderAnnotation" name="printData" time="0.003"/>
  <system-out/>
  <testcase classname="TestNGEx.DataProviderAnnotation" name="printData" time="0.002"/>
  <system-out/>
  <testcase classname="TestNGEx.DataProviderAnnotation" name="printData" time="0.000"/>
  <system-out/>
</testsuite> <!-- TestNGEx.DataProviderAnnotation -->
