<?xml version="1.0" encoding="UTF-8"?>
<!-- Generated by org.testng.reporters.JUnitReportReporter -->
<testsuite hostname="KOCWX21981" failures="0" tests="3" name="HomeLoan" time="0.008" errors="0" timestamp="2022-10-28T08:46:35 IST" skipped="0">
  <testcase classname="HomeLoan" name="HomeLoanAPI" time="0.006"/>
  <system-out/>
  <testcase classname="HomeLoan" name="HomeLoanMobile" time="0.001"/>
  <system-out/>
  <testcase classname="HomeLoan" name="HomeLoanUI" time="0.001"/>
  <system-out/>
</testsuite> <!-- HomeLoan -->
