<?xml version="1.0" encoding="UTF-8"?>
<!-- Generated by org.testng.reporters.JUnitReportReporter -->
<testsuite hostname="KOCWX21981" failures="0" tests="3" name="CarLoan" time="0.009" errors="0" timestamp="2022-10-28T08:48:02 IST" skipped="0">
  <testcase classname="CarLoan" name="CarLoanAPI" time="0.007"/>
  <system-out/>
  <testcase classname="CarLoan" name="CarLoanMobile" time="0.001"/>
  <system-out/>
  <testcase classname="CarLoan" name="CarLoanUI" time="0.001"/>
  <system-out/>
</testsuite> <!-- CarLoan -->
