<?xml version="1.0" encoding="UTF-8"?>
<!-- Generated by org.testng.reporters.JUnitReportReporter -->
<testsuite hostname="KOCWX21981" failures="0" tests="4" name="TestNGEx.CarLoan" time="0.015" errors="0" timestamp="2022-10-31T22:17:32 IST" skipped="1">
  <testcase classname="TestNGEx.CarLoan" name="CarLoanUI" time="0.001"/>
  <system-out/>
  <testcase classname="TestNGEx.CarLoan" name="CarLoanMobile" time="0.011"/>
  <system-out/>
  <testcase classname="TestNGEx.CarLoan" name="CarLoanAPI" time="0.003"/>
  <system-out/>
  <testcase classname="TestNGEx.CarLoan" name="disableTest">
    <skipped/>
  </testcase> <!-- disableTest -->
  <system-out/>
</testsuite> <!-- TestNGEx.CarLoan -->
