<?xml version="1.0" encoding="UTF-8"?>
<!-- Generated by org.testng.reporters.JUnitReportReporter -->
<testsuite hostname="KOCWX21981" failures="0" tests="3" name="TestNGEx.CarLoan" time="0.017" errors="0" timestamp="2022-10-28T09:23:20 IST" skipped="0">
  <testcase classname="TestNGEx.CarLoan" name="CarLoanUI" time="0.002"/>
  <system-out/>
  <testcase classname="TestNGEx.CarLoan" name="CarLoanMobile" time="0.002"/>
  <system-out/>
  <testcase classname="TestNGEx.CarLoan" name="CarLoanAPI" time="0.013"/>
  <system-out/>
</testsuite> <!-- TestNGEx.CarLoan -->
